Commit Wed Sep  3 14:42:29 UTC 2025
Commit Wed Sep  3 14:42:38 UTC 2025
Commit Wed Sep  3 15:22:01 UTC 2025
Automated commit at Wed Sep  3 15:38:27 UTC 2025
Automated commit at Wed Sep  3 15:41:08 UTC 2025
Automated commit at Wed Sep  3 16:25:36 UTC 2025
Automated commit at Wed Sep  3 16:45:55 UTC 2025
Automated commit at Wed Sep  3 17:17:10 UTC 2025
Automated commit at Wed Sep  3 17:39:22 UTC 2025
Automated commit at Wed Sep  3 18:28:51 UTC 2025
Automated commit at Wed Sep  3 18:46:38 UTC 2025
Automated commit at Wed Sep  3 19:16:16 UTC 2025
Automated commit at Wed Sep  3 19:37:54 UTC 2025
Automated commit at Wed Sep  3 20:22:00 UTC 2025
Automated commit at Wed Sep  3 20:40:16 UTC 2025
Automated commit at Wed Sep  3 21:17:30 UTC 2025
Automated commit at Wed Sep  3 21:37:17 UTC 2025
Automated commit at Wed Sep  3 22:18:03 UTC 2025
Automated commit at Wed Sep  3 22:39:06 UTC 2025
Automated commit at Wed Sep  3 23:17:44 UTC 2025
Automated commit at Wed Sep  3 23:37:30 UTC 2025
Automated commit at Thu Sep  4 01:27:55 UTC 2025
Automated commit at Thu Sep  4 02:44:18 UTC 2025
Automated commit at Thu Sep  4 03:29:07 UTC 2025
Automated commit at Thu Sep  4 03:47:03 UTC 2025
Automated commit at Thu Sep  4 04:23:42 UTC 2025
Automated commit at Thu Sep  4 04:42:00 UTC 2025
Automated commit at Thu Sep  4 05:18:51 UTC 2025
Automated commit at Thu Sep  4 05:40:02 UTC 2025
Automated commit at Thu Sep  4 06:30:10 UTC 2025
Automated commit at Thu Sep  4 07:19:08 UTC 2025
Automated commit at Thu Sep  4 07:38:06 UTC 2025
Automated commit at Thu Sep  4 08:26:50 UTC 2025
Automated commit at Thu Sep  4 08:47:41 UTC 2025
Automated commit at Thu Sep  4 09:21:32 UTC 2025
Automated commit at Thu Sep  4 09:40:20 UTC 2025
Automated commit at Thu Sep  4 10:20:50 UTC 2025
Automated commit at Thu Sep  4 10:41:17 UTC 2025
Automated commit at Thu Sep  4 11:16:42 UTC 2025
Automated commit at Thu Sep  4 11:38:05 UTC 2025
Automated commit at Thu Sep  4 12:40:16 UTC 2025
Automated commit at Thu Sep  4 13:28:52 UTC 2025
Automated commit at Thu Sep  4 13:44:40 UTC 2025
Automated commit at Thu Sep  4 14:19:18 UTC 2025
Automated commit at Thu Sep  4 14:42:49 UTC 2025
Automated commit at Thu Sep  4 15:21:16 UTC 2025
Automated commit at Thu Sep  4 15:42:24 UTC 2025
Automated commit at Thu Sep  4 16:26:13 UTC 2025
Automated commit at Thu Sep  4 16:46:49 UTC 2025
Automated commit at Thu Sep  4 17:17:09 UTC 2025
Automated commit at Thu Sep  4 17:39:01 UTC 2025
Automated commit at Thu Sep  4 18:28:31 UTC 2025
Automated commit at Thu Sep  4 18:48:37 UTC 2025
Automated commit at Thu Sep  4 19:15:36 UTC 2025
Automated commit at Thu Sep  4 19:38:02 UTC 2025
Automated commit at Thu Sep  4 20:21:30 UTC 2025
Automated commit at Thu Sep  4 20:39:54 UTC 2025
Automated commit at Thu Sep  4 21:18:08 UTC 2025
Automated commit at Thu Sep  4 21:37:35 UTC 2025
Automated commit at Thu Sep  4 22:18:53 UTC 2025
Automated commit at Thu Sep  4 22:39:32 UTC 2025
Automated commit at Thu Sep  4 23:18:37 UTC 2025
Automated commit at Thu Sep  4 23:37:43 UTC 2025
Automated commit at Fri Sep  5 01:38:13 UTC 2025
Automated commit at Fri Sep  5 02:59:30 UTC 2025
Automated commit at Fri Sep  5 03:34:40 UTC 2025
Automated commit at Fri Sep  5 04:24:20 UTC 2025
Automated commit at Fri Sep  5 04:42:54 UTC 2025
Automated commit at Fri Sep  5 05:19:28 UTC 2025
Automated commit at Fri Sep  5 05:40:03 UTC 2025
Automated commit at Fri Sep  5 06:30:36 UTC 2025
Automated commit at Fri Sep  5 07:19:22 UTC 2025
Automated commit at Fri Sep  5 07:37:57 UTC 2025
Automated commit at Fri Sep  5 08:27:00 UTC 2025
Automated commit at Fri Sep  5 08:46:42 UTC 2025
Automated commit at Fri Sep  5 09:21:36 UTC 2025
Automated commit at Fri Sep  5 09:40:16 UTC 2025
Automated commit at Fri Sep  5 12:40:40 UTC 2025
Automated commit at Fri Sep  5 13:27:53 UTC 2025
Automated commit at Fri Sep  5 13:44:13 UTC 2025
Automated commit at Fri Sep  5 14:18:48 UTC 2025
Automated commit at Fri Sep  5 14:41:31 UTC 2025
Automated commit at Fri Sep  5 15:20:58 UTC 2025
Automated commit at Fri Sep  5 15:38:02 UTC 2025
Automated commit at Fri Sep  5 16:23:24 UTC 2025
Automated commit at Fri Sep  5 16:43:56 UTC 2025
Automated commit at Fri Sep  5 17:17:35 UTC 2025
Automated commit at Fri Sep  5 17:39:19 UTC 2025
Automated commit at Fri Sep  5 18:27:24 UTC 2025
Automated commit at Fri Sep  5 18:46:38 UTC 2025
Automated commit at Fri Sep  5 19:15:57 UTC 2025
Automated commit at Fri Sep  5 19:37:49 UTC 2025
Automated commit at Fri Sep  5 20:21:50 UTC 2025
Automated commit at Fri Sep  5 20:40:27 UTC 2025
Automated commit at Fri Sep  5 21:17:33 UTC 2025
Automated commit at Fri Sep  5 21:38:00 UTC 2025
Automated commit at Fri Sep  5 22:18:22 UTC 2025
Automated commit at Fri Sep  5 22:39:22 UTC 2025
Automated commit at Fri Sep  5 23:18:07 UTC 2025
Automated commit at Fri Sep  5 23:38:16 UTC 2025
Automated commit at Sat Sep  6 01:27:37 UTC 2025
Automated commit at Sat Sep  6 02:42:26 UTC 2025
Automated commit at Sat Sep  6 03:27:58 UTC 2025
Automated commit at Sat Sep  6 03:45:08 UTC 2025
Automated commit at Sat Sep  6 04:23:03 UTC 2025
Automated commit at Sat Sep  6 04:41:17 UTC 2025
Automated commit at Sat Sep  6 05:18:00 UTC 2025
Automated commit at Sat Sep  6 05:38:35 UTC 2025
Automated commit at Sat Sep  6 06:27:02 UTC 2025
Automated commit at Sat Sep  6 06:45:26 UTC 2025
Automated commit at Sat Sep  6 07:16:56 UTC 2025
Automated commit at Sat Sep  6 07:37:49 UTC 2025
Automated commit at Sat Sep  6 08:22:30 UTC 2025
Automated commit at Sat Sep  6 08:41:20 UTC 2025
Automated commit at Sat Sep  6 09:17:59 UTC 2025
Automated commit at Sat Sep  6 09:37:12 UTC 2025
Automated commit at Sat Sep  6 10:18:10 UTC 2025
Automated commit at Sat Sep  6 10:38:25 UTC 2025
Automated commit at Sat Sep  6 11:14:20 UTC 2025
Automated commit at Sat Sep  6 11:37:47 UTC 2025
Automated commit at Sat Sep  6 12:36:31 UTC 2025
Automated commit at Sat Sep  6 13:21:03 UTC 2025
Automated commit at Sat Sep  6 13:37:18 UTC 2025
Automated commit at Sat Sep  6 14:15:56 UTC 2025
Automated commit at Sat Sep  6 14:37:30 UTC 2025
Automated commit at Sat Sep  6 15:17:45 UTC 2025
Automated commit at Sat Sep  6 15:37:35 UTC 2025
Automated commit at Sat Sep  6 16:22:11 UTC 2025
Automated commit at Sat Sep  6 16:41:02 UTC 2025
Automated commit at Sat Sep  6 17:14:50 UTC 2025
Automated commit at Sat Sep  6 17:37:09 UTC 2025
Automated commit at Sat Sep  6 18:25:24 UTC 2025
Automated commit at Sat Sep  6 18:43:12 UTC 2025
Automated commit at Sat Sep  6 19:13:49 UTC 2025
Automated commit at Sat Sep  6 19:37:17 UTC 2025
Automated commit at Sat Sep  6 20:19:17 UTC 2025
Automated commit at Sat Sep  6 20:38:04 UTC 2025
Automated commit at Sat Sep  6 21:15:51 UTC 2025
Automated commit at Sat Sep  6 21:37:24 UTC 2025
Automated commit at Sat Sep  6 22:17:04 UTC 2025
Automated commit at Sat Sep  6 22:38:03 UTC 2025
Automated commit at Sat Sep  6 23:16:56 UTC 2025
Automated commit at Sat Sep  6 23:37:44 UTC 2025
Automated commit at Sun Sep  7 01:43:13 UTC 2025
Automated commit at Sun Sep  7 03:03:14 UTC 2025
Automated commit at Sun Sep  7 03:47:15 UTC 2025
Automated commit at Sun Sep  7 04:23:18 UTC 2025
Automated commit at Sun Sep  7 04:40:49 UTC 2025
Automated commit at Sun Sep  7 05:18:29 UTC 2025
Automated commit at Sun Sep  7 05:38:47 UTC 2025
Automated commit at Sun Sep  7 06:27:28 UTC 2025
Automated commit at Sun Sep  7 06:45:59 UTC 2025
Automated commit at Sun Sep  7 07:17:18 UTC 2025
Automated commit at Sun Sep  7 07:37:27 UTC 2025
Automated commit at Sun Sep  7 08:23:11 UTC 2025
Automated commit at Sun Sep  7 08:41:09 UTC 2025
Automated commit at Sun Sep  7 09:17:59 UTC 2025
Automated commit at Sun Sep  7 09:37:20 UTC 2025
Automated commit at Sun Sep  7 10:18:59 UTC 2025
Automated commit at Sun Sep  7 10:39:20 UTC 2025
Automated commit at Sun Sep  7 11:14:44 UTC 2025
Automated commit at Sun Sep  7 11:37:45 UTC 2025
Automated commit at Sun Sep  7 12:37:22 UTC 2025
Automated commit at Sun Sep  7 13:21:49 UTC 2025
Automated commit at Sun Sep  7 13:37:38 UTC 2025
Automated commit at Sun Sep  7 14:16:01 UTC 2025
Automated commit at Sun Sep  7 14:37:43 UTC 2025
Automated commit at Sun Sep  7 15:17:53 UTC 2025
Automated commit at Sun Sep  7 15:37:28 UTC 2025
Automated commit at Sun Sep  7 16:22:08 UTC 2025
Automated commit at Sun Sep  7 16:41:05 UTC 2025
Automated commit at Sun Sep  7 17:14:53 UTC 2025
Automated commit at Sun Sep  7 17:37:23 UTC 2025
Automated commit at Sun Sep  7 18:25:42 UTC 2025
Automated commit at Sun Sep  7 18:43:47 UTC 2025
Automated commit at Sun Sep  7 19:14:36 UTC 2025
Automated commit at Sun Sep  7 19:37:23 UTC 2025
Automated commit at Sun Sep  7 20:19:43 UTC 2025
Automated commit at Sun Sep  7 20:38:13 UTC 2025
Automated commit at Sun Sep  7 21:16:49 UTC 2025
Automated commit at Sun Sep  7 21:37:08 UTC 2025
Automated commit at Sun Sep  7 22:17:24 UTC 2025
Automated commit at Sun Sep  7 22:38:47 UTC 2025
Automated commit at Sun Sep  7 23:17:10 UTC 2025
Automated commit at Sun Sep  7 23:37:50 UTC 2025
Automated commit at Mon Sep  8 01:42:55 UTC 2025
Automated commit at Mon Sep  8 03:07:30 UTC 2025
Automated commit at Mon Sep  8 03:50:59 UTC 2025
Automated commit at Mon Sep  8 04:26:03 UTC 2025
Automated commit at Mon Sep  8 04:43:53 UTC 2025
Automated commit at Mon Sep  8 05:20:11 UTC 2025
Automated commit at Mon Sep  8 05:41:11 UTC 2025
Automated commit at Mon Sep  8 06:32:22 UTC 2025
Automated commit at Mon Sep  8 07:20:55 UTC 2025
Automated commit at Mon Sep  8 07:39:12 UTC 2025
Automated commit at Mon Sep  8 08:29:38 UTC 2025
Automated commit at Mon Sep  8 08:50:52 UTC 2025
Automated commit at Mon Sep  8 09:24:33 UTC 2025
Automated commit at Mon Sep  8 09:42:51 UTC 2025
Automated commit at Mon Sep  8 10:22:53 UTC 2025
Automated commit at Mon Sep  8 10:44:05 UTC 2025
Automated commit at Mon Sep  8 11:16:56 UTC 2025
Automated commit at Mon Sep  8 11:38:09 UTC 2025
Automated commit at Mon Sep  8 12:44:29 UTC 2025
Automated commit at Mon Sep  8 13:31:11 UTC 2025
Automated commit at Mon Sep  8 14:21:11 UTC 2025
Automated commit at Mon Sep  8 14:44:16 UTC 2025
Automated commit at Mon Sep  8 15:20:31 UTC 2025
Automated commit at Mon Sep  8 15:41:56 UTC 2025
Automated commit at Mon Sep  8 16:25:31 UTC 2025
Automated commit at Mon Sep  8 16:46:45 UTC 2025
Automated commit at Mon Sep  8 17:17:52 UTC 2025
Automated commit at Mon Sep  8 17:41:15 UTC 2025
Automated commit at Mon Sep  8 18:30:43 UTC 2025
Automated commit at Mon Sep  8 19:17:18 UTC 2025
Automated commit at Mon Sep  8 19:38:11 UTC 2025
Automated commit at Mon Sep  8 20:22:27 UTC 2025
Automated commit at Mon Sep  8 20:41:01 UTC 2025
Automated commit at Mon Sep  8 21:18:02 UTC 2025
Automated commit at Mon Sep  8 21:38:13 UTC 2025
Automated commit at Mon Sep  8 22:19:09 UTC 2025
Automated commit at Mon Sep  8 22:40:10 UTC 2025
Automated commit at Mon Sep  8 23:19:43 UTC 2025
Automated commit at Mon Sep  8 23:38:00 UTC 2025
Automated commit at Tue Sep  9 01:39:57 UTC 2025
Automated commit at Tue Sep  9 03:02:13 UTC 2025
Automated commit at Tue Sep  9 03:48:41 UTC 2025
Automated commit at Tue Sep  9 04:25:26 UTC 2025
Automated commit at Tue Sep  9 04:43:22 UTC 2025
Automated commit at Tue Sep  9 05:20:12 UTC 2025
Automated commit at Tue Sep  9 05:40:20 UTC 2025
Automated commit at Tue Sep  9 06:31:52 UTC 2025
Automated commit at Tue Sep  9 07:19:53 UTC 2025
Automated commit at Tue Sep  9 07:39:07 UTC 2025
Automated commit at Tue Sep  9 08:28:42 UTC 2025
Automated commit at Tue Sep  9 08:49:24 UTC 2025
Automated commit at Tue Sep  9 09:23:01 UTC 2025
Automated commit at Tue Sep  9 09:41:41 UTC 2025
Automated commit at Tue Sep  9 10:22:48 UTC 2025
Automated commit at Tue Sep  9 10:44:00 UTC 2025
Automated commit at Tue Sep  9 11:17:39 UTC 2025
Automated commit at Tue Sep  9 11:38:09 UTC 2025
Automated commit at Tue Sep  9 12:45:04 UTC 2025
Automated commit at Tue Sep  9 13:32:44 UTC 2025
